<?xml version="1.0" encoding="utf-8"?><testsuites name="pytest tests"><testsuite name="pytest" errors="0" failures="0" skipped="0" tests="34" time="15.764" timestamp="2026-07-10T19:36:13.510036+00:00" hostname="agent-env-13ed2d4f-17ce-4954-9d51-6e08b20a07d5"><testcase classname="tests.backend_test" name="test_health" time="0.141" /><testcase classname="tests.backend_test" name="test_contact_create" time="0.273" /><testcase classname="tests.backend_test" name="test_contact_invalid_email" time="0.137" /><testcase classname="tests.test_iteration3" name="test_login_response_includes_jwt_token" time="0.456" /><testcase classname="tests.test_iteration3" name="test_bearer_token_works_on_me" time="0.154" /><testcase classname="tests.test_iteration3" name="test_bearer_token_works_on_workflows" time="0.286" /><testcase classname="tests.test_iteration3" name="test_register_response_includes_token" time="0.371" /><testcase classname="tests.backend_test" name="test_admin_login_and_me" time="0.393" /><testcase classname="tests.backend_test" name="test_login_wrong_password" time="0.551" /><testcase classname="tests.test_iteration3" name="test_webhook_workflow_success" time="0.703" /><testcase classname="tests.backend_test" name="test_register_new_client_and_duplicate" time="0.577" /><testcase classname="tests.test_iteration3" name="test_webhook_workflow_failure" time="0.484" /><testcase classname="tests.backend_test" name="test_bruteforce_lockout" time="2.146" /><testcase classname="tests.test_iteration3" name="test_auto_trigger_on_contact_submission" time="1.966" /><testcase classname="tests.backend_test" name="test_unauth_me_returns_401" time="0.112" /><testcase classname="tests.test_iteration3" name="test_paused_workflow_does_not_auto_run" time="5.292" /><testcase classname="tests.backend_test" name="test_google_session_bearer_me" time="1.490" /><testcase classname="tests.backend_test" name="test_google_session_can_access_workflows" time="0.104" /><testcase classname="tests.backend_test" name="test_client_crud_admin" time="0.264" /><testcase classname="tests.backend_test" name="test_client_scoping_between_users" time="0.856" /><testcase classname="tests.backend_test" name="test_workflow_crud_and_run" time="0.356" /><testcase classname="tests.backend_test" name="test_dashboard_stats_admin" time="0.052" /><testcase classname="tests.backend_test" name="test_leads_admin_only" time="0.051" /><testcase classname="tests.backend_test" name="test_leads_forbidden_for_client" time="0.389" /><testcase classname="tests.backend_test" name="test_logout_clears_cookie" time="0.993" /><testcase classname="tests.test_iteration4" name="test_four_step_workflow_all_types_manual_run" time="0.762" /><testcase classname="tests.test_iteration4" name="test_slack_failure_returns_failed_status" time="0.517" /><testcase classname="tests.test_iteration3" name="test_auto_trigger_on_client_creation_scoped_to_user" time="5.068" /><testcase classname="tests.test_iteration4" name="test_runs_filter_by_workflow_id" time="0.707" /><testcase classname="tests.test_iteration4" name="test_runs_workflow_id_scoped_to_owner" time="0.875" /><testcase classname="tests.test_iteration4" name="test_slack_step_without_message_still_works" time="0.321" /><testcase classname="tests.test_iteration3" name="test_pwa_manifest" time="0.119" /><testcase classname="tests.test_iteration3" name="test_pwa_service_worker" time="0.100" /><testcase classname="tests.test_iteration3" name="test_pwa_icons" time="0.199" /></testsuite></testsuites>