<?xml version="1.0" encoding="utf-8"?><testsuites name="pytest tests"><testsuite name="pytest" errors="0" failures="0" skipped="0" tests="12" time="15.463" timestamp="2026-07-10T19:21:24.322221+00:00" hostname="agent-env-13ed2d4f-17ce-4954-9d51-6e08b20a07d5"><testcase classname="tests.test_iteration3" name="test_login_response_includes_jwt_token" time="0.512" /><testcase classname="tests.test_iteration3" name="test_bearer_token_works_on_me" time="0.104" /><testcase classname="tests.test_iteration3" name="test_bearer_token_works_on_workflows" time="0.361" /><testcase classname="tests.test_iteration3" name="test_register_response_includes_token" time="0.337" /><testcase classname="tests.test_iteration3" name="test_webhook_workflow_success" time="0.519" /><testcase classname="tests.test_iteration3" name="test_webhook_workflow_failure" time="0.338" /><testcase classname="tests.test_iteration3" name="test_auto_trigger_on_contact_submission" time="1.791" /><testcase classname="tests.test_iteration3" name="test_paused_workflow_does_not_auto_run" time="5.306" /><testcase classname="tests.test_iteration3" name="test_auto_trigger_on_client_creation_scoped_to_user" time="5.013" /><testcase classname="tests.test_iteration3" name="test_pwa_manifest" time="0.148" /><testcase classname="tests.test_iteration3" name="test_pwa_service_worker" time="0.110" /><testcase classname="tests.test_iteration3" name="test_pwa_icons" time="0.379" /></testsuite></testsuites>