<?xml version="1.0" encoding="utf-8"?><testsuites name="pytest tests"><testsuite name="pytest" errors="0" failures="0" skipped="0" tests="5" time="3.527" timestamp="2026-07-10T19:36:04.934521+00:00" hostname="agent-env-13ed2d4f-17ce-4954-9d51-6e08b20a07d5"><testcase classname="tests.test_iteration4" name="test_four_step_workflow_all_types_manual_run" time="0.963" /><testcase classname="tests.test_iteration4" name="test_slack_failure_returns_failed_status" time="0.296" /><testcase classname="tests.test_iteration4" name="test_runs_filter_by_workflow_id" time="0.464" /><testcase classname="tests.test_iteration4" name="test_runs_workflow_id_scoped_to_owner" time="0.944" /><testcase classname="tests.test_iteration4" name="test_slack_step_without_message_still_works" time="0.293" /></testsuite></testsuites>