<?xml version="1.0" encoding="utf-8"?><testsuites name="pytest tests"><testsuite name="pytest" errors="0" failures="1" skipped="0" tests="17" time="9.986" timestamp="2026-07-10T18:56:29.796484+00:00" hostname="agent-env-13ed2d4f-17ce-4954-9d51-6e08b20a07d5"><testcase classname="tests.backend_test" name="test_health" time="0.289" /><testcase classname="tests.backend_test" name="test_contact_create" time="0.124" /><testcase classname="tests.backend_test" name="test_contact_invalid_email" time="0.113" /><testcase classname="tests.backend_test" name="test_admin_login_and_me" time="0.380" /><testcase classname="tests.backend_test" name="test_login_wrong_password" time="0.330" /><testcase classname="tests.backend_test" name="test_register_new_client_and_duplicate" time="0.477" /><testcase classname="tests.backend_test" name="test_bruteforce_lockout" time="2.394"><failure message="AssertionError: [401, 401, 401, 401, 401, 401]&#10;assert 401 == 429">backend/tests/backend_test.py:102: in test_bruteforce_lockout
    assert codes[5] == 429, codes
E   AssertionError: [401, 401, 401, 401, 401, 401]
E   assert 401 == 429</failure></testcase><testcase classname="tests.backend_test" name="test_unauth_me_returns_401" time="0.124" /><testcase classname="tests.backend_test" name="test_google_session_bearer_me" time="2.054" /><testcase classname="tests.backend_test" name="test_google_session_can_access_workflows" time="0.108" /><testcase classname="tests.backend_test" name="test_client_crud_admin" time="0.259" /><testcase classname="tests.backend_test" name="test_client_scoping_between_users" time="0.882" /><testcase classname="tests.backend_test" name="test_workflow_crud_and_run" time="0.344" /><testcase classname="tests.backend_test" name="test_dashboard_stats_admin" time="0.057" /><testcase classname="tests.backend_test" name="test_leads_admin_only" time="0.056" /><testcase classname="tests.backend_test" name="test_leads_forbidden_for_client" time="0.382" /><testcase classname="tests.backend_test" name="test_logout_clears_cookie" time="0.855" /></testsuite></testsuites>